{"step": 10000, "lr": 0.1, "energy": 379.62554653324383, "accuracy": [32.600858136490594, 0.012628324132054338]}
{"step": 20000, "lr": 0.1, "energy": 139.23295604051884, "accuracy": [30.462979717924124, 0.0019333150650399623]}
{"step": 30000, "lr": 0.1, "energy": 51.13368798271962, "accuracy": [30.448925420145144, -16.490543200885565]}
{"step": 40000, "lr": 0.1, "energy": 19.37393835712634, "accuracy": [28.441713592425604, -0.43599189634988167]}
{"step": 50000, "lr": 0.1, "energy": 8.260639721313357, "accuracy": [25.501868410929035, -0.007900369025423981]}
{"step": 60000, "lr": 0.1, "energy": 5.030024209689093, "accuracy": [16.79741657528139, -0.00013919096244483273]}
{"step": 70000, "lr": 0.1, "energy": 4.652844319456033, "accuracy": [4.109781171893108, -2.417194999711248e-06]}
{"step": 80000, "lr": 0.1, "energy": 4.640182139883649, "accuracy": [0.5638206422187295, -4.1682013396310136e-08]}
{"step": 90000, "lr": 0.1, "energy": 4.639791782231645, "accuracy": [0.08980138767706336, -1.5506484984912653e-09]}
{"step": 100000, "lr": 0.11000000000000001, "energy": 4.864230393307731, "accuracy": [0.03524488922480273, -0.004174752460028408]}
{"step": 110000, "lr": 0.09087854862191451, "energy": 4.515871129009185, "accuracy": [0.028829279575624867, -0.006847608126571814]}
{"step": 120000, "lr": 0.07433019539663112, "energy": 4.321188201908019, "accuracy": [0.028085066978718487, -0.007175407786172983]}
{"step": 130000, "lr": 0.06079518248786233, "energy": 4.190955331642497, "accuracy": [0.027995819773071418, -0.007214716526272369]}
{"step": 140000, "lr": 0.049724801529312274, "energy": 4.103835661431219, "accuracy": [0.027985117785725322, -0.007219430172840546]}
{"step": 150000, "lr": 0.0406702601414699, "energy": 4.045556289215275, "accuracy": [0.027983834506482452, -0.007219995385407074]}
{"step": 160000, "lr": 0.03326448792359236, "energy": 4.006569631164213, "accuracy": [0.027983680631241015, -0.0072200631617942435]}
{"step": 170000, "lr": 0.027207255448325487, "energy": 3.980488933122236, "accuracy": [0.027983662180012914, -0.007220071283910556]}
{"step": 180000, "lr": 0.02225300298416547, "energy": 3.9630418038636526, "accuracy": [0.027983659966128727, -0.007220072264436439]}
{"step": 190000, "lr": 0.018200885523120814, "energy": 3.9513702277920966, "accuracy": [0.027983659711271258, -0.0072200723840509795]}
{"step": 200000, "lr": 0.016375293593750867, "energy": 3.948536875694828, "accuracy": [0.027983659679975403, -0.007220072385251797]}
{"step": 210000, "lr": 0.013393466235520327, "energy": 3.9405560578908467, "accuracy": [0.027983659679978956, -0.007220072385353049]}
{"step": 220000, "lr": 0.01095460895250634, "energy": 3.9363285113834356, "accuracy": [0.027983659679978956, -0.007220072385353049]}
{"step": 230000, "lr": 0.008959850660919668, "energy": 3.9335186855076736, "accuracy": [0.027983659679978956, -0.007220072385353049]}
{"step": 240000, "lr": 0.007402347490304372, "energy": 3.931682602914868, "accuracy": [0.027983659679978956, -0.007220072385353049]}
{"step": 250000, "lr": 0.006054431366825395, "energy": 3.9303912330630073, "accuracy": [0.027983659679978956, -0.007220072385353049]}
{"step": 260000, "lr": 0.004951961418132776, "energy": 3.929527340466102, "accuracy": [0.027983659679978956, -0.007220072385353049]}
{"step": 270000, "lr": 0.00405024359860462, "energy": 3.928949418249809, "accuracy": [0.027983659679978956, -0.007220072385353049]}
{"step": 280000, "lr": 0.003312722338257492, "energy": 3.928562802517986, "accuracy": [0.027983659679978956, -0.007220072385353049]}
{"step": 290000, "lr": 0.0027094985827941223, "energy": 3.9283041658449367, "accuracy": [0.027983659679978956, -0.007220072385353049]}
{"step": 300000, "lr": 0.0024377294571048956, "energy": 3.928241385230968, "accuracy": [0.02798365967775851, -0.007220072385353049]}
{"step": 310000, "lr": 0.0019938358349512247, "energy": 3.928064520088963, "accuracy": [0.027983659679978956, -0.0072200723853850235]}
{"step": 320000, "lr": 0.0016307721618365736, "energy": 3.927970827141746, "accuracy": [0.02798365967775851, -0.0072200723853850235]}
{"step": 330000, "lr": 0.0013338198648065677, "energy": 3.9279081489980965, "accuracy": [0.02798365967775851, -0.0072200723853850235]}
{"step": 340000, "lr": 0.001090940520930292, "energy": 3.9278662198967416, "accuracy": [0.027983659679978956, -0.0072200723853850235]}
{"step": 350000, "lr": 0.0008922878205748226, "energy": 3.9278381742651263, "accuracy": [0.02798365967775851, -0.0072200723853850235]}
{"step": 360000, "lr": 0.000737180200789556, "energy": 3.9278201545774456, "accuracy": [0.02798365967775851, -0.0072200723853850235]}
{"step": 370000, "lr": 0.0006029448004850975, "energy": 3.9278073475204405, "accuracy": [0.027983659679978956, -0.0072200723853850235]}
{"step": 380000, "lr": 0.0004931527353049396, "energy": 3.9277987799109098, "accuracy": [0.02798365967775851, -0.0072200723853850235]}
{"step": 390000, "lr": 0.0004033530435009609, "energy": 3.9277930483851575, "accuracy": [0.02798365967775851, -0.0072200723853850235]}
{"step": 400000, "lr": 0.00036289577783843295, "energy": 3.927791657200421, "accuracy": [0.027983659679978956, -0.0072200723853850235]}
{"step": 410000, "lr": 0.0002968149743187977, "energy": 3.927787737685725, "accuracy": [0.027983659677762063, -0.007220072387651655]}
{"step": 420000, "lr": 0.00024276702667808852, "energy": 3.927785661398458, "accuracy": [0.027983659677762063, -0.007220072387651655]}
{"step": 430000, "lr": 0.00019856083533986065, "energy": 3.92778427240651, "accuracy": [0.027983659677762063, -0.007220072387651655]}
{"step": 440000, "lr": 0.0001624042847595734, "energy": 3.9277833432019995, "accuracy": [0.027983659677762063, -0.007220072387651655]}
{"step": 450000, "lr": 0.00013283159120037132, "energy": 3.9277827215859773, "accuracy": [0.027983659677762063, -0.007220072387651655]}
{"step": 460000, "lr": 0.00010864387997486295, "energy": 3.9277823057423142, "accuracy": [0.027983659677762063, -0.007220072387651655]}
{"step": 470000, "lr": 8.886058315892128e-05, "energy": 3.9277820275626065, "accuracy": [0.027983659677762063, -0.007220072387651655]}
{"step": 480000, "lr": 7.26796874446174e-05, "energy": 3.927781841507812, "accuracy": [0.027983659677762063, -0.007220072387651655]}
{"step": 490000, "lr": 6.00456773569201e-05, "energy": 3.927781721923688, "accuracy": [0.027983659677762063, -0.007220072387651655]}
{"step": 500000, "lr": 5.4022953691244905e-05, "energy": 3.92778169109501, "accuracy": [0.027983659677762063, -0.007220072387651655]}
{"step": 510000, "lr": 4.418574861356314e-05, "energy": 3.927781604234603, "accuracy": [0.02798365967554517, -0.007220072383249843]}
{"step": 520000, "lr": 3.613983033396052e-05, "energy": 3.9277815582226627, "accuracy": [0.02798365967554517, -0.007220072383249843]}
{"step": 530000, "lr": 2.955901795373314e-05, "energy": 3.9277815274416987, "accuracy": [0.02798365967554517, -0.007220072383249843]}
{"step": 540000, "lr": 2.417652585291943e-05, "energy": 3.9277815068499393, "accuracy": [0.02798365967554517, -0.007220072383249843]}
{"step": 550000, "lr": 1.9774148222101602e-05, "energy": 3.927781493074517, "accuracy": [0.02798365967554517, -0.007220072383249843]}
{"step": 560000, "lr": 1.617341301593284e-05, "energy": 3.927781483859066, "accuracy": [0.02798365967554517, -0.007220072383249843]}
{"step": 570000, "lr": 1.3228346710356825e-05, "energy": 3.927781477694137, "accuracy": [0.02798365967554517, -0.007220072383249843]}
{"step": 580000, "lr": 1.0819556547342352e-05, "energy": 3.927781473569947, "accuracy": [0.02798365967554517, -0.007220072383249843]}
{"step": 590000, "lr": 8.849390361796852e-06, "energy": 3.9277814708109897, "accuracy": [0.02798365967554517, -0.007220072383249843]}
{"step": 600000, "lr": 7.961775547461686e-06, "energy": 3.9277814701413813, "accuracy": [0.02798365967554517, -0.007220072383249843]}
{"step": 610000, "lr": 6.511991455860903e-06, "energy": 3.9277814682551226, "accuracy": [0.027983659677765615, -0.007220072383280041]}
{"step": 620000, "lr": 5.380003019517699e-06, "energy": 3.927781467295116, "accuracy": [0.027983659677765615, -0.007220072383280041]}
{"step": 630000, "lr": 4.4003417939575745e-06, "energy": 3.927781466612987, "accuracy": [0.027983659677765615, -0.007220072383280041]}
{"step": 640000, "lr": 3.5990700810769447e-06, "energy": 3.9277814661566586, "accuracy": [0.027983659677765615, -0.007220072383280041]}
{"step": 650000, "lr": 2.943704388211461e-06, "energy": 3.927781465851386, "accuracy": [0.027983659677765615, -0.007220072383280041]}
{"step": 660000, "lr": 2.4076762413535663e-06, "energy": 3.9277814656471657, "accuracy": [0.027983659677765615, -0.007220072383280041]}
{"step": 670000, "lr": 1.9692551012911066e-06, "energy": 3.927781465510547, "accuracy": [0.027983659677765615, -0.007220072383280041]}
{"step": 680000, "lr": 1.6106674092447332e-06, "energy": 3.9277814654191516, "accuracy": [0.027983659677765615, -0.007220072383280041]}
{"step": 690000, "lr": 1.3173760481830252e-06, "energy": 3.9277814653580108, "accuracy": [0.027983659677765615, -0.007220072383280041]}
{"step": 700000, "lr": 1.1852401101566523e-06, "energy": 3.927781465343169, "accuracy": [0.027983659677765615, -0.007220072383280041]}
{"step": 710000, "lr": 9.69416108815632e-07, "energy": 3.9277814653013587, "accuracy": [0.02798365967554517, -0.007220072385536014]}
{"step": 720000, "lr": 7.928921608188172e-07, "energy": 3.9277814652792102, "accuracy": [0.02798365967554517, -0.007220072385536014]}
{"step": 730000, "lr": 6.485119991001697e-07, "energy": 3.927781465264394, "accuracy": [0.02798365967554517, -0.007220072385536014]}
{"step": 740000, "lr": 5.304224631790778e-07, "energy": 3.927781465254487, "accuracy": [0.02798365967554517, -0.007220072385536014]}
{"step": 750000, "lr": 4.382183964561409e-07, "energy": 3.9277814652481142, "accuracy": [0.02798365967554517, -0.007220072385536014]}
{"step": 760000, "lr": 3.5842186664421133e-07, "energy": 3.9277814652435885, "accuracy": [0.02798365967554517, -0.007220072385536014]}
{"step": 770000, "lr": 2.961169003180303e-07, "energy": 3.927781465240685, "accuracy": [0.027983659679993167, -0.00722007238114486]}
{"step": 780000, "lr": 2.4219606710990444e-07, "energy": 3.9277814652386187, "accuracy": [0.027983659679993167, -0.00722007238114486]}
{"step": 790000, "lr": 1.9809384354795534e-07, "energy": 3.9277814652372363, "accuracy": [0.027983659679993167, -0.00722007238114486]}
{"step": 800000, "lr": 1.782245618264904e-07, "energy": 3.9277814652369005, "accuracy": [0.027983659679993167, -0.00722007238114486]}
{"step": 810000, "lr": 1.4577110556811302e-07, "energy": 3.927781465235955, "accuracy": [0.027983659680007378, -0.007220072381160847]}
{"step": 820000, "lr": 1.1922719854537796e-07, "energy": 3.927781465235454, "accuracy": [0.027983659680007378, -0.007220072381160847]}
{"step": 830000, "lr": 9.751675284054707e-08, "energy": 3.927781465235119, "accuracy": [0.027983659680007378, -0.007220072381160847]}
{"step": 840000, "lr": 7.975962868023791e-08, "energy": 3.927781465234895, "accuracy": [0.027983659680007378, -0.007220072381160847]}
{"step": 850000, "lr": 6.523595363774564e-08, "energy": 3.927781465234745, "accuracy": [0.027983659680007378, -0.007220072381160847]}
{"step": 860000, "lr": 5.335693906108347e-08, "energy": 3.9277814652346446, "accuracy": [0.027983659680007378, -0.007220072381160847]}
{"step": 870000, "lr": 4.3641010627012854e-08, "energy": 3.9277814652345775, "accuracy": [0.027983659680007378, -0.007220072381160847]}
{"step": 880000, "lr": 3.5694285355588286e-08, "energy": 3.927781465234533, "accuracy": [0.027983659680007378, -0.007220072381160847]}
{"step": 890000, "lr": 2.9194603624910902e-08, "energy": 3.927781465234503, "accuracy": [0.027983659680007378, -0.007220072381160847]}
{"step": 900000, "lr": 2.6531632050239877e-08, "energy": 3.9277814652344962, "accuracy": [0.027983659680007378, -0.0072200723833990565]}
{"step": 910000, "lr": 2.1700405919668232e-08, "energy": 3.9277814652344762, "accuracy": [0.027983659679993167, -0.0072200723811786105]}
{"step": 920000, "lr": 1.774891255037265e-08, "energy": 3.9277814652344647, "accuracy": [0.027983659679993167, -0.0072200723811786105]}
{"step": 930000, "lr": 1.451695870975635e-08, "energy": 3.9277814652344576, "accuracy": [0.027983659679993167, -0.0072200723811786105]}
{"step": 940000, "lr": 1.1873521241522264e-08, "energy": 3.9277814652344523, "accuracy": [0.027983659679993167, -0.0072200723811786105]}
{"step": 950000, "lr": 9.711435397149142e-09, "energy": 3.927781465234449, "accuracy": [0.027983659679993167, -0.0072200723811786105]}
{"step": 960000, "lr": 7.9430503853556e-09, "energy": 3.927781465234447, "accuracy": [0.027983659679993167, -0.0072200723811786105]}
{"step": 970000, "lr": 6.4966760158667e-09, "energy": 3.9277814652344456, "accuracy": [0.027983659679993167, -0.0072200723811786105]}
{"step": 980000, "lr": 5.313676384698911e-09, "energy": 3.9277814652344443, "accuracy": [0.027983659679993167, -0.0072200723811786105]}
{"step": 990000, "lr": 4.346092779191813e-09, "energy": 3.927781465234444, "accuracy": [0.027983659679993167, -0.0072200723811786105]}
{"step": 1000000, "lr": 3.9101693790964355e-09, "energy": 3.9277814652344434, "accuracy": [0.027983659679993167, -0.0072200723811786105]}
{"step": 1010000, "lr": 3.2304592548921523e-09, "energy": 3.927781465234444, "accuracy": [0.027983659680000272, -0.007220072381191045]}
{"step": 1020000, "lr": 2.6422150362014723e-09, "energy": 3.9277814652344434, "accuracy": [0.027983659680000272, -0.007220072381191045]}
{"step": 1030000, "lr": 2.1610860087329014e-09, "energy": 3.9277814652344434, "accuracy": [0.027983659680000272, -0.007220072381191045]}
{"step": 1040000, "lr": 1.767567239286949e-09, "energy": 3.927781465234443, "accuracy": [0.027983659680000272, -0.007220072381191045]}
{"step": 1050000, "lr": 1.44570550768238e-09, "energy": 3.927781465234443, "accuracy": [0.027983659680000272, -0.007220072381191045]}
{"step": 1060000, "lr": 1.1824525644559455e-09, "energy": 3.927781465234443, "accuracy": [0.027983659680000272, -0.007220072381191045]}
{"step": 1070000, "lr": 9.671361558481546e-10, "energy": 3.927781465234443, "accuracy": [0.027983659680000272, -0.007220072381191045]}
{"step": 1080000, "lr": 7.910273714693222e-10, "energy": 3.927781465234443, "accuracy": [0.027983659680000272, -0.007220072381191045]}
{"step": 1090000, "lr": 6.469867749540601e-10, "energy": 3.927781465234443, "accuracy": [0.027983659680000272, -0.007220072381191045]}
{"step": 1100000, "lr": 5.820924689454425e-10, "energy": 3.927781465234442, "accuracy": [0.027983659680000272, -0.007220072383431031]}
{"step": 1110000, "lr": 4.809065340137149e-10, "energy": 3.9277814652344425, "accuracy": [0.027983659680014483, -0.007220072381210585]}
{"step": 1120000, "lr": 3.9333679050565616e-10, "energy": 3.927781465234443, "accuracy": [0.027983659680014483, -0.007220072381210585]}
{"step": 1130000, "lr": 3.249625149159644e-10, "energy": 3.927781465234442, "accuracy": [0.027983659680000272, -0.007220072383530507]}
{"step": 1140000, "lr": 2.657890954088109e-10, "energy": 3.927781465234442, "accuracy": [0.027983659680000272, -0.007220072383530507]}
{"step": 1150000, "lr": 2.1739074507255873e-10, "energy": 3.927781465234442, "accuracy": [0.027983659680000272, -0.007220072383530507]}
{"step": 1160000, "lr": 1.7780539856427681e-10, "energy": 3.927781465234442, "accuracy": [0.027983659680000272, -0.007220072383530507]}
{"step": 1170000, "lr": 1.4542826902796267e-10, "energy": 3.927781465234442, "accuracy": [0.027983659680000272, -0.007220072383530507]}
{"step": 1180000, "lr": 1.1894679016072715e-10, "energy": 3.927781465234442, "accuracy": [0.027983659680000272, -0.007220072383530507]}
